<?xml version="1.0" encoding="UTF-8"?>
<!-- Generated by org.testng.reporters.JUnitXMLReporter -->
<testsuite hostname="Jaydeeps-MBP.attlocal.net" ignored="1" name="Default test" tests="3" failures="0" timestamp="31 Jul 2018 04:09:11 GMT" time="49.255" errors="0">
  <testcase name="enterNewCustoInfo" time="7.307" classname="com.guru99.qa.testcases.AddNewCustoTest"/>
  <testcase name="enterNewCustoInfo" time="6.924" classname="com.guru99.qa.testcases.AddNewCustoTest"/>
  <testcase name="enterNewCustoInfo" time="6.93" classname="com.guru99.qa.testcases.AddNewCustoTest"/>
  <testcase name="hpTitleVisibility" time="0.0" classname="com.guru99.qa.testcases.AddNewCustoTest">
    <ignored/>
  </testcase> <!-- hpTitleVisibility -->
</testsuite> <!-- Default test -->
