<?xml version="1.0" encoding="UTF-8"?>
<testng-results skipped="0" failed="0" ignored="1" total="6" passed="5">
  <reporter-output>
  </reporter-output>
  <suite name="GURU 99 Test SUITE" duration-ms="56501" started-at="2018-07-31T04:16:30Z" finished-at="2018-07-31T04:17:27Z">
    <groups>
    </groups>
    <test name="Logging In for the 100th Time" duration-ms="56501" started-at="2018-07-31T04:16:30Z" finished-at="2018-07-31T04:17:27Z">
      <class name="com.guru99.qa.testcases.AddNewCustoTest">
        <test-method status="PASS" signature="setUp()[pri:0, instance:com.guru99.qa.testcases.AddNewCustoTest@1a968a59]" name="setUp" is-config="true" duration-ms="3164" started-at="2018-07-30T23:16:36Z" finished-at="2018-07-30T23:16:39Z">
          <reporter-output>
          </reporter-output>
        </test-method> <!-- setUp -->
        <test-method status="PASS" signature="enterNewCustoInfo(java.lang.String, java.lang.String, java.lang.String, java.lang.String, java.lang.String, java.lang.String, java.lang.String, java.lang.String, java.lang.String, java.lang.String)[pri:1, instance:com.guru99.qa.testcases.AddNewCustoTest@1a968a59]" name="enterNewCustoInfo" duration-ms="7253" started-at="2018-07-30T23:16:39Z" data-provider="customerInfo" finished-at="2018-07-30T23:16:47Z">
          <params>
            <param index="0">
              <value>
                <![CDATA[Jamie ]]>
              </value>
            </param>
            <param index="1">
              <value>
                <![CDATA[male]]>
              </value>
            </param>
            <param index="2">
              <value>
                <![CDATA[09-Oct-1985]]>
              </value>
            </param>
            <param index="3">
              <value>
                <![CDATA[451 N Cool St]]>
              </value>
            </param>
            <param index="4">
              <value>
                <![CDATA[Houston]]>
              </value>
            </param>
            <param index="5">
              <value>
                <![CDATA[Ohio]]>
              </value>
            </param>
            <param index="6">
              <value>
                <![CDATA[445511]]>
              </value>
            </param>
            <param index="7">
              <value>
                <![CDATA[9234567890]]>
              </value>
            </param>
            <param index="8">
              <value>
                <![CDATA[yahoo1111111@yahoo.com]]>
              </value>
            </param>
            <param index="9">
              <value>
                <![CDATA[test1]]>
              </value>
            </param>
          </params>
          <reporter-output>
          </reporter-output>
        </test-method> <!-- enterNewCustoInfo -->
        <test-method status="PASS" signature="tearDown()[pri:0, instance:com.guru99.qa.testcases.AddNewCustoTest@1a968a59]" name="tearDown" is-config="true" duration-ms="5141" started-at="2018-07-30T23:16:47Z" finished-at="2018-07-30T23:16:52Z">
          <reporter-output>
          </reporter-output>
        </test-method> <!-- tearDown -->
        <test-method status="PASS" signature="setUp()[pri:0, instance:com.guru99.qa.testcases.AddNewCustoTest@1a968a59]" name="setUp" is-config="true" duration-ms="3182" started-at="2018-07-30T23:16:52Z" finished-at="2018-07-30T23:16:55Z">
          <reporter-output>
          </reporter-output>
        </test-method> <!-- setUp -->
        <test-method status="PASS" signature="enterNewCustoInfo(java.lang.String, java.lang.String, java.lang.String, java.lang.String, java.lang.String, java.lang.String, java.lang.String, java.lang.String, java.lang.String, java.lang.String)[pri:1, instance:com.guru99.qa.testcases.AddNewCustoTest@1a968a59]" name="enterNewCustoInfo" duration-ms="7079" started-at="2018-07-30T23:16:55Z" data-provider="customerInfo" finished-at="2018-07-30T23:17:02Z">
          <params>
            <param index="0">
              <value>
                <![CDATA[Saucy]]>
              </value>
            </param>
            <param index="1">
              <value>
                <![CDATA[female]]>
              </value>
            </param>
            <param index="2">
              <value>
                <![CDATA[01-Nov-1980]]>
              </value>
            </param>
            <param index="3">
              <value>
                <![CDATA[154 S Hot St]]>
              </value>
            </param>
            <param index="4">
              <value>
                <![CDATA[Ohio]]>
              </value>
            </param>
            <param index="5">
              <value>
                <![CDATA[Houston]]>
              </value>
            </param>
            <param index="6">
              <value>
                <![CDATA[114455]]>
              </value>
            </param>
            <param index="7">
              <value>
                <![CDATA[8987654321]]>
              </value>
            </param>
            <param index="8">
              <value>
                <![CDATA[yahoo2222222@yahoo.com]]>
              </value>
            </param>
            <param index="9">
              <value>
                <![CDATA[test2]]>
              </value>
            </param>
          </params>
          <reporter-output>
          </reporter-output>
        </test-method> <!-- enterNewCustoInfo -->
        <test-method status="PASS" signature="tearDown()[pri:0, instance:com.guru99.qa.testcases.AddNewCustoTest@1a968a59]" name="tearDown" is-config="true" duration-ms="5103" started-at="2018-07-30T23:17:02Z" finished-at="2018-07-30T23:17:07Z">
          <reporter-output>
          </reporter-output>
        </test-method> <!-- tearDown -->
        <test-method status="PASS" signature="setUp()[pri:0, instance:com.guru99.qa.testcases.AddNewCustoTest@1a968a59]" name="setUp" is-config="true" duration-ms="2990" started-at="2018-07-30T23:17:07Z" finished-at="2018-07-30T23:17:10Z">
          <reporter-output>
          </reporter-output>
        </test-method> <!-- setUp -->
        <test-method status="PASS" signature="enterNewCustoInfo(java.lang.String, java.lang.String, java.lang.String, java.lang.String, java.lang.String, java.lang.String, java.lang.String, java.lang.String, java.lang.String, java.lang.String)[pri:1, instance:com.guru99.qa.testcases.AddNewCustoTest@1a968a59]" name="enterNewCustoInfo" duration-ms="7148" started-at="2018-07-30T23:17:10Z" data-provider="customerInfo" finished-at="2018-07-30T23:17:17Z">
          <params>
            <param index="0">
              <value>
                <![CDATA[Mick]]>
              </value>
            </param>
            <param index="1">
              <value>
                <![CDATA[male]]>
              </value>
            </param>
            <param index="2">
              <value>
                <![CDATA[10-Dec-1975]]>
              </value>
            </param>
            <param index="3">
              <value>
                <![CDATA[514 E Windy St]]>
              </value>
            </param>
            <param index="4">
              <value>
                <![CDATA[San Diego]]>
              </value>
            </param>
            <param index="5">
              <value>
                <![CDATA[California]]>
              </value>
            </param>
            <param index="6">
              <value>
                <![CDATA[451345]]>
              </value>
            </param>
            <param index="7">
              <value>
                <![CDATA[4567453215]]>
              </value>
            </param>
            <param index="8">
              <value>
                <![CDATA[yahoo3333333@yahoo.com]]>
              </value>
            </param>
            <param index="9">
              <value>
                <![CDATA[test3]]>
              </value>
            </param>
          </params>
          <reporter-output>
          </reporter-output>
        </test-method> <!-- enterNewCustoInfo -->
        <test-method status="PASS" signature="tearDown()[pri:0, instance:com.guru99.qa.testcases.AddNewCustoTest@1a968a59]" name="tearDown" is-config="true" duration-ms="5153" started-at="2018-07-30T23:17:17Z" finished-at="2018-07-30T23:17:22Z">
          <reporter-output>
          </reporter-output>
        </test-method> <!-- tearDown -->
      </class> <!-- com.guru99.qa.testcases.AddNewCustoTest -->
      <class name="com.guru99.qa.testcases.LoginTestUsingListeners">
        <test-method status="PASS" signature="setUp()[pri:0, instance:com.guru99.qa.testcases.LoginTestUsingListeners@548e7350]" name="setUp" is-config="true" duration-ms="4799" started-at="2018-07-30T23:16:31Z" finished-at="2018-07-30T23:16:35Z">
          <reporter-output>
          </reporter-output>
        </test-method> <!-- setUp -->
        <test-method status="PASS" signature="titleTest()[pri:1, instance:com.guru99.qa.testcases.LoginTestUsingListeners@548e7350]" name="titleTest" duration-ms="15" started-at="2018-07-30T23:16:35Z" finished-at="2018-07-30T23:16:35Z">
          <reporter-output>
          </reporter-output>
        </test-method> <!-- titleTest -->
        <test-method status="PASS" signature="tearDown()[pri:0, instance:com.guru99.qa.testcases.LoginTestUsingListeners@548e7350]" name="tearDown" is-config="true" duration-ms="102" started-at="2018-07-30T23:16:35Z" finished-at="2018-07-30T23:16:36Z">
          <reporter-output>
          </reporter-output>
        </test-method> <!-- tearDown -->
        <test-method status="PASS" signature="setUp()[pri:0, instance:com.guru99.qa.testcases.LoginTestUsingListeners@548e7350]" name="setUp" is-config="true" duration-ms="3040" started-at="2018-07-30T23:17:22Z" finished-at="2018-07-30T23:17:26Z">
          <reporter-output>
          </reporter-output>
        </test-method> <!-- setUp -->
        <test-method status="PASS" signature="loginTest()[pri:2, instance:com.guru99.qa.testcases.LoginTestUsingListeners@548e7350]" name="loginTest" duration-ms="1004" started-at="2018-07-30T23:17:26Z" finished-at="2018-07-30T23:17:27Z">
          <reporter-output>
          </reporter-output>
        </test-method> <!-- loginTest -->
        <test-method status="PASS" signature="tearDown()[pri:0, instance:com.guru99.qa.testcases.LoginTestUsingListeners@548e7350]" name="tearDown" is-config="true" duration-ms="86" started-at="2018-07-30T23:17:27Z" finished-at="2018-07-30T23:17:27Z">
          <reporter-output>
          </reporter-output>
        </test-method> <!-- tearDown -->
      </class> <!-- com.guru99.qa.testcases.LoginTestUsingListeners -->
    </test> <!-- Logging In for the 100th Time -->
  </suite> <!-- GURU 99 Test SUITE -->
</testng-results>
