<?xml version="1.0" encoding="UTF-8"?>
<!-- Generated by org.testng.reporters.JUnitXMLReporter -->
<testsuite hostname="Jaydeeps-MBP.attlocal.net" ignored="1" name="Logging In for the 100th Time" tests="5" failures="0" timestamp="31 Jul 2018 04:17:27 GMT" time="56.501" errors="0">
  <testcase name="titleTest" time="0.015" classname="com.guru99.qa.testcases.LoginTestUsingListeners"/>
  <testcase name="enterNewCustoInfo" time="7.253" classname="com.guru99.qa.testcases.AddNewCustoTest"/>
  <testcase name="enterNewCustoInfo" time="7.079" classname="com.guru99.qa.testcases.AddNewCustoTest"/>
  <testcase name="enterNewCustoInfo" time="7.148" classname="com.guru99.qa.testcases.AddNewCustoTest"/>
  <testcase name="loginTest" time="1.004" classname="com.guru99.qa.testcases.LoginTestUsingListeners"/>
  <testcase name="hpTitleVisibility" time="0.0" classname="com.guru99.qa.testcases.AddNewCustoTest">
    <ignored/>
  </testcase> <!-- hpTitleVisibility -->
</testsuite> <!-- Logging In for the 100th Time -->
