<?xml version="1.0" encoding="UTF-8"?>
<!-- Generated by org.testng.reporters.JUnitXMLReporter -->
<testsuite hostname="Jaydeeps-MacBook-Pro.local" ignored="0" name="Logging In for the 100th Time" tests="5" failures="2" timestamp="23 Jul 2018 20:54:19 GMT" time="31.334" errors="0">
  <testcase name="titleTest" time="0.015" classname="com.guru99.qa.testcases.LoginTestUsingListeners"/>
  <testcase name="gettingLoggedIn" time="1.489" classname="com.guru99.qa.testcases.AddNewCustoTest"/>
  <testcase name="loginTest" time="1.503" classname="com.guru99.qa.testcases.LoginTestUsingListeners"/>
  <testcase name="hpTitleVisibility" time="0.002" classname="com.guru99.qa.testcases.AddNewCustoTest">
    <failure type="java.lang.NullPointerException">
      <![CDATA[java.lang.NullPointerExceptionat com.guru99.qa.pages.HomePage.homePageTitleVisible(HomePage.java:40)at com.guru99.qa.testcases.AddNewCustoTest.hpTitleVisibility(AddNewCustoTest.java:37)... Removed 25 stack frames]]>
    </failure>
  </testcase> <!-- hpTitleVisibility -->
  <testcase name="enterNewCustoInfo" time="0.001" classname="com.guru99.qa.testcases.AddNewCustoTest">
    <failure type="java.lang.NullPointerException">
      <![CDATA[java.lang.NullPointerExceptionat com.guru99.qa.pages.HomePage.clickNewCustomer(HomePage.java:63)at com.guru99.qa.testcases.AddNewCustoTest.enterNewCustoInfo(AddNewCustoTest.java:42)... Removed 25 stack frames]]>
    </failure>
  </testcase> <!-- enterNewCustoInfo -->
</testsuite> <!-- Logging In for the 100th Time -->
